<?xml version="1.0" encoding="UTF-8"?>
<!-- Generated by org.testng.reporters.JUnitReportReporter -->
<testsuite hostname="INDLAPTOP403" name="com.arcfacalities.common.TC041_Get_submitter_in_forms_adv_search" tests="1" failures="0" timestamp="6 Dec 2019 06:45:41 GMT" time="4.557" errors="0">
  <testcase name="submitter_in_forms_adv_search_call" time="4.557" classname="com.arcfacalities.common.TC041_Get_submitter_in_forms_adv_search"/>
</testsuite> <!-- com.arcfacalities.common.TC041_Get_submitter_in_forms_adv_search -->
