<?xml version="1.0" encoding="UTF-8"?>
<!-- Generated by org.testng.reporters.JUnitReportReporter -->
<testsuite hostname="INDLAPTOP403" name="com.arcfacalities.Forms.TC018_Get_URLTodownloadfromS3" tests="1" failures="0" timestamp="11 Dec 2019 11:35:02 GMT" time="4.522" errors="0">
  <testcase name="URL_TO_DownLoad_s3" time="4.522" classname="com.arcfacalities.Forms.TC018_Get_URLTodownloadfromS3"/>
</testsuite> <!-- com.arcfacalities.Forms.TC018_Get_URLTodownloadfromS3 -->
