<?xml version="1.0" encoding="UTF-8"?>
<!-- Generated by org.testng.reporters.JUnitReportReporter -->
<testsuite hostname="INDLAPTOP403" name="com.arcfacalities.Forms.TC030_PATCH_forms_approve_reject_resubmit_parameter" tests="1" failures="0" timestamp="6 Feb 2020 12:23:23 GMT" time="0.061" errors="0">
  <testcase name="forms_approve_reject_resubmit_parameter" time="0.061" classname="com.arcfacalities.Forms.TC030_PATCH_forms_approve_reject_resubmit_parameter"/>
</testsuite> <!-- com.arcfacalities.Forms.TC030_PATCH_forms_approve_reject_resubmit_parameter -->
