<?xml version="1.0" encoding="UTF-8"?>
<!-- Generated by org.testng.reporters.JUnitReportReporter -->
<testsuite hostname="INDLAPTOP403" name="com.arcfacalities.Equipment.TC010_Equipment_Get_Add_photo_or_video" tests="1" failures="0" timestamp="6 Feb 2020 12:23:24 GMT" time="7.745" errors="0">
  <testcase name="LinkedFiles" time="7.745" classname="com.arcfacalities.Equipment.TC010_Equipment_Get_Add_photo_or_video"/>
</testsuite> <!-- com.arcfacalities.Equipment.TC010_Equipment_Get_Add_photo_or_video -->
