<?xml version="1.0" encoding="UTF-8"?>
<!-- Generated by org.testng.reporters.JUnitReportReporter -->
<testsuite hostname="INDLAPTOP403" name="com.arcfacilities.tests.TC002_User_Login_api" tests="2" failures="0" timestamp="21 Nov 2019 07:49:15 GMT" time="6.364" errors="0">
  <testcase name="verify_Login_Call" time="6.177" classname="com.arcfacilities.tests.TC002_User_Login_api"/>
  <testcase name="LoginStatus" time="0.187" classname="com.arcfacilities.tests.TC002_User_Login_api"/>
</testsuite> <!-- com.arcfacilities.tests.TC002_User_Login_api -->
