<?xml version="1.0" encoding="UTF-8"?>
<!-- Generated by org.testng.reporters.JUnitReportReporter -->
<testsuite hostname="INDLAPTOP403" name="com.arcfacalities.Forms.TC011_POST_JustUpdatingdeviceinfo_to_server_Not_importanttocall" tests="1" failures="0" timestamp="11 Dec 2019 11:35:02 GMT" time="0.629" errors="0">
  <testcase name="JustUpdatingDeviceinfo" time="0.629" classname="com.arcfacalities.Forms.TC011_POST_JustUpdatingdeviceinfo_to_server_Not_importanttocall"/>
</testsuite> <!-- com.arcfacalities.Forms.TC011_POST_JustUpdatingdeviceinfo_to_server_Not_importanttocall -->
