<?xml version="1.0" encoding="UTF-8"?>
<!-- Generated by org.testng.reporters.JUnitReportReporter -->
<testsuite hostname="INDLAPTOP403" name="com.arcfacalities.common.TC014_GET_TagsAPI" tests="1" failures="0" timestamp="6 Dec 2019 06:45:41 GMT" time="4.552" errors="0">
  <testcase name="UsedTags_call" time="4.552" classname="com.arcfacalities.common.TC014_GET_TagsAPI"/>
</testsuite> <!-- com.arcfacalities.common.TC014_GET_TagsAPI -->
