<?xml version="1.0" encoding="UTF-8"?>
<!-- Generated by org.testng.reporters.JUnitReportReporter -->
<testsuite hostname="INDLAPTOP403" name="com.arcfacalities.common.TC022_GET_Get_Form_DataAPI" tests="1" failures="0" timestamp="6 Dec 2019 06:45:41 GMT" time="4.574" errors="0">
  <testcase name="GetFormDataAPI_call" time="4.574" classname="com.arcfacalities.common.TC022_GET_Get_Form_DataAPI"/>
</testsuite> <!-- com.arcfacalities.common.TC022_GET_Get_Form_DataAPI -->
