<?xml version="1.0" encoding="UTF-8"?>
<!-- Generated by org.testng.reporters.JUnitReportReporter -->
<testsuite hostname="INDLAPTOP403" name="com.arcfacalities.common.TC018_GET_List_of_froms_in_draftAPI" tests="1" failures="0" timestamp="6 Dec 2019 06:45:41 GMT" time="4.626" errors="0">
  <testcase name="List_Of_Forms_In_draft" time="4.626" classname="com.arcfacalities.common.TC018_GET_List_of_froms_in_draftAPI"/>
</testsuite> <!-- com.arcfacalities.common.TC018_GET_List_of_froms_in_draftAPI -->
