<?xml version="1.0" encoding="UTF-8"?>
<!-- Generated by org.testng.reporters.JUnitReportReporter -->
<testsuite hostname="INDLAPTOP403" name="com.arcfacilities.campuslist.TC003_GET_CustomProperty_api" tests="1" failures="0" timestamp="6 Feb 2020 12:23:23 GMT" time="4.608" errors="0">
  <testcase name="CustomProperty_call" time="4.608" classname="com.arcfacilities.campuslist.TC003_GET_CustomProperty_api"/>
</testsuite> <!-- com.arcfacilities.campuslist.TC003_GET_CustomProperty_api -->
