<?xml version="1.0" encoding="UTF-8"?>
<!-- Generated by org.testng.reporters.JUnitReportReporter -->
<testsuite hostname="INDLAPTOP403" name="com.arcfacilities.tests.TC003_API_Authantication" tests="2" failures="0" timestamp="20 Nov 2019 06:46:21 GMT" time="7.494" errors="0">
  <testcase name="Verify_API_Authantication_status" time="0.481" classname="com.arcfacilities.tests.TC003_API_Authantication"/>
  <testcase name="verify_API_Authantication_call" time="7.013" classname="com.arcfacilities.tests.TC003_API_Authantication"/>
</testsuite> <!-- com.arcfacilities.tests.TC003_API_Authantication -->
