<?xml version="1.0" encoding="UTF-8"?>
<!-- Generated by org.testng.reporters.JUnitReportReporter -->
<testsuite hostname="INDLAPTOP403" name="com.arcfacalities.compliance.TC014_post_AddLinked_Inspection_Documents" tests="1" failures="0" timestamp="6 Feb 2020 12:23:24 GMT" time="4.648" errors="0">
  <testcase name="AddLinked_Inspection_Documents" time="4.648" classname="com.arcfacalities.compliance.TC014_post_AddLinked_Inspection_Documents"/>
</testsuite> <!-- com.arcfacalities.compliance.TC014_post_AddLinked_Inspection_Documents -->
