<?xml version="1.0" encoding="UTF-8"?>
<!-- Generated by org.testng.reporters.JUnitReportReporter -->
<testsuite hostname="INDLAPTOP403" name="com.arcfacalities.common.TC044_PATCH_forms_approve_reject_resubmit_parameter" tests="1" failures="0" timestamp="6 Dec 2019 06:45:41 GMT" time="1.248" errors="0">
  <testcase name="forms_approve_reject_resubmit_parameter" time="1.248" classname="com.arcfacalities.common.TC044_PATCH_forms_approve_reject_resubmit_parameter"/>
</testsuite> <!-- com.arcfacalities.common.TC044_PATCH_forms_approve_reject_resubmit_parameter -->
