<?xml version="1.0" encoding="UTF-8"?>
<!-- Generated by org.testng.reporters.JUnitReportReporter -->
<testsuite hostname="INDLAPTOP403" name="com.arcfacilities.tests.TC009_GET_ProjectDetail_API" tests="1" failures="0" timestamp="21 Nov 2019 07:49:15 GMT" time="5.207" errors="0">
  <testcase name="verify_project_detail_api_call_test" time="5.207" classname="com.arcfacilities.tests.TC009_GET_ProjectDetail_API"/>
</testsuite> <!-- com.arcfacilities.tests.TC009_GET_ProjectDetail_API -->
