<?xml version="1.0" encoding="UTF-8"?>
<!-- Generated by org.testng.reporters.JUnitReportReporter -->
<testsuite hostname="INDLAPTOP403" name="com.arcfacilities.tests.TC008_GET_ProjectResponce_api" tests="2" failures="0" timestamp="21 Nov 2019 07:49:15 GMT" time="5.113" errors="0">
  <testcase name="verify_projectresponce_Status" time="0.042" classname="com.arcfacilities.tests.TC008_GET_ProjectResponce_api"/>
  <testcase name="verify_ProjectResponce_Call" time="5.071" classname="com.arcfacilities.tests.TC008_GET_ProjectResponce_api"/>
</testsuite> <!-- com.arcfacilities.tests.TC008_GET_ProjectResponce_api -->
