<?xml version="1.0" encoding="UTF-8"?>
<!-- Generated by org.testng.reporters.JUnitReportReporter -->
<testsuite hostname="INDLAPTOP403" name="com.arcfacalities.Forms.TC009_GET_Get_Form_DataAPI" tests="1" failures="0" timestamp="11 Dec 2019 11:35:02 GMT" time="4.506" errors="0">
  <testcase name="GetFormDataAPI" time="4.506" classname="com.arcfacalities.Forms.TC009_GET_Get_Form_DataAPI"/>
</testsuite> <!-- com.arcfacalities.Forms.TC009_GET_Get_Form_DataAPI -->
