<?xml version="1.0" encoding="UTF-8"?>
<!-- Generated by org.testng.reporters.JUnitReportReporter -->
<testsuite hostname="INDLAPTOP403" name="com.arcfacalities.Forms.TC029_Get_forms_adv_search" tests="1" failures="0" timestamp="11 Dec 2019 11:35:02 GMT" time="4.525" errors="0">
  <testcase name="Forms_Adv_Search" time="4.525" classname="com.arcfacalities.Forms.TC029_Get_forms_adv_search"/>
</testsuite> <!-- com.arcfacalities.Forms.TC029_Get_forms_adv_search -->
