<?xml version="1.0" encoding="UTF-8"?>
<!-- Generated by org.testng.reporters.JUnitReportReporter -->
<testsuite hostname="INDLAPTOP403" name="com.arcfacalities.Forms.TC003_GET_AvailableTemplateAPI" tests="1" failures="0" timestamp="11 Dec 2019 11:35:01 GMT" time="5.621" errors="0">
  <testcase name="AvailableTemplateAPI" time="5.621" classname="com.arcfacalities.Forms.TC003_GET_AvailableTemplateAPI"/>
</testsuite> <!-- com.arcfacalities.Forms.TC003_GET_AvailableTemplateAPI -->
