<?xml version="1.0" encoding="UTF-8"?>
<!-- Generated by org.testng.reporters.JUnitReportReporter -->
<testsuite hostname="INDLAPTOP403" name="com.arcfacalities.common.TC038_Get_Deleteforms" tests="1" failures="0" timestamp="5 Dec 2019 13:33:29 GMT" time="6.169" errors="0">
  <testcase name="Delete_forms_call" time="6.169" classname="com.arcfacalities.common.TC038_Get_Deleteforms"/>
</testsuite> <!-- com.arcfacalities.common.TC038_Get_Deleteforms -->
