<?xml version="1.0" encoding="UTF-8"?>
<!-- Generated by org.testng.reporters.JUnitReportReporter -->
<testsuite hostname="INDLAPTOP403" name="com.arcfacalities.common.TC017_GET_ListofTemplate" tests="1" failures="0" timestamp="6 Dec 2019 06:45:41 GMT" time="4.563" errors="0">
  <testcase name="List_Of_Template" time="4.563" classname="com.arcfacalities.common.TC017_GET_ListofTemplate"/>
</testsuite> <!-- com.arcfacalities.common.TC017_GET_ListofTemplate -->
