<?xml version="1.0" encoding="UTF-8"?>
<!-- Generated by org.testng.reporters.JUnitReportReporter -->
<testsuite hostname="INDLAPTOP403" name="com.arcfacalities.Forms.TC026_Get_Reportsearch" tests="1" failures="0" timestamp="6 Feb 2020 12:23:23 GMT" time="4.579" errors="0">
  <testcase name="Report_search" time="4.579" classname="com.arcfacalities.Forms.TC026_Get_Reportsearch"/>
</testsuite> <!-- com.arcfacalities.Forms.TC026_Get_Reportsearch -->
