<?xml version="1.0" encoding="UTF-8"?>
<!-- Generated by org.testng.reporters.JUnitReportReporter -->
<testsuite hostname="INDLAPTOP403" name="com.arcfacilities.tests.TC007_GET_PackageItem_call" tests="2" failures="0" timestamp="21 Nov 2019 05:42:43 GMT" time="6.818" errors="0">
  <testcase name="PackageItem_Status" time="0.353" classname="com.arcfacilities.tests.TC007_GET_PackageItem_call"/>
  <testcase name="verify_PackageItem_call" time="6.465" classname="com.arcfacilities.tests.TC007_GET_PackageItem_call"/>
</testsuite> <!-- com.arcfacilities.tests.TC007_GET_PackageItem_call -->
