<?xml version="1.0" encoding="UTF-8"?>
<!-- Generated by org.testng.reporters.JUnitReportReporter -->
<testsuite hostname="INDLAPTOP403" name="com.arcfacalities.Forms.TC005_GET_List_of_froms_in_draftAPI" tests="1" failures="0" timestamp="6 Feb 2020 12:23:24 GMT" time="4.580" errors="0">
  <testcase name="List_Of_Forms_In_draft" time="4.580" classname="com.arcfacalities.Forms.TC005_GET_List_of_froms_in_draftAPI"/>
</testsuite> <!-- com.arcfacalities.Forms.TC005_GET_List_of_froms_in_draftAPI -->
