<?xml version="1.0" encoding="UTF-8"?>
<!-- Generated by org.testng.reporters.JUnitReportReporter -->
<testsuite hostname="INDLAPTOP403" name="com.arcfacilities.campuslist.TC002_GET_ProjectArchived_API" tests="1" failures="0" timestamp="8 Jan 2020 11:06:03 GMT" time="6.711" errors="0">
  <testcase name="Projectdetail_test" time="6.711" classname="com.arcfacilities.campuslist.TC002_GET_ProjectArchived_API"/>
</testsuite> <!-- com.arcfacilities.campuslist.TC002_GET_ProjectArchived_API -->
