<?xml version="1.0" encoding="UTF-8"?>
<!-- Generated by org.testng.reporters.JUnitReportReporter -->
<testsuite hostname="INDLAPTOP403" name="com.arcfacilities.tests.TC001_Registration_api" tests="2" failures="0" timestamp="21 Nov 2019 07:49:15 GMT" time="5.492" errors="0">
  <testcase name="verify_RegistrationCall" time="4.952" classname="com.arcfacilities.tests.TC001_Registration_api"/>
  <testcase name="verify_RegistrationStatus" time="0.540" classname="com.arcfacilities.tests.TC001_Registration_api"/>
</testsuite> <!-- com.arcfacilities.tests.TC001_Registration_api -->
