<?xml version="1.0" encoding="UTF-8"?>
<!-- Generated by org.testng.reporters.JUnitReportReporter -->
<testsuite hostname="INDLAPTOP403" name="com.arcfacalities.Forms.TC001_GET_TagsAPI" tests="1" failures="0" timestamp="11 Dec 2019 11:35:01 GMT" time="4.547" errors="0">
  <testcase name="UsedTags" time="4.547" classname="com.arcfacalities.Forms.TC001_GET_TagsAPI"/>
</testsuite> <!-- com.arcfacalities.Forms.TC001_GET_TagsAPI -->
