<?xml version="1.0" encoding="UTF-8"?>
<!-- Generated by org.testng.reporters.JUnitReportReporter -->
<testsuite hostname="INDLAPTOP403" name="com.arcfacalities.Equipment.TC001_Equipment_Get_DashboardTagAPI" tests="1" failures="0" timestamp="6 Feb 2020 12:23:24 GMT" time="4.584" errors="0">
  <testcase name="DashBoardTag" time="4.584" classname="com.arcfacalities.Equipment.TC001_Equipment_Get_DashboardTagAPI"/>
</testsuite> <!-- com.arcfacalities.Equipment.TC001_Equipment_Get_DashboardTagAPI -->
