<?xml version="1.0" encoding="UTF-8"?>
<!-- Generated by org.testng.reporters.JUnitReportReporter -->
<testsuite hostname="INDLAPTOP403" name="com.arcfacilities.Filefolder.TC009_FileFolder_Get_BacktosameFolder_FileHasbeenmove" tests="1" failures="0" timestamp="6 Feb 2020 12:23:23 GMT" time="4.599" errors="0">
  <testcase name="BacKTosameFolder_filetobeMoved" time="4.599" classname="com.arcfacilities.Filefolder.TC009_FileFolder_Get_BacktosameFolder_FileHasbeenmove"/>
</testsuite> <!-- com.arcfacilities.Filefolder.TC009_FileFolder_Get_BacktosameFolder_FileHasbeenmove -->
