<?xml version="1.0" encoding="UTF-8"?>
<!-- Generated by org.testng.reporters.JUnitReportReporter -->
<testsuite hostname="INDLAPTOP403" name="com.arcfacalities.compliance.TC021_Delete_Delete_inspection" tests="1" failures="0" timestamp="6 Feb 2020 12:23:24 GMT" time="4.688" errors="0">
  <testcase name="Delete_inspection" time="4.688" classname="com.arcfacalities.compliance.TC021_Delete_Delete_inspection"/>
</testsuite> <!-- com.arcfacalities.compliance.TC021_Delete_Delete_inspection -->
