<?xml version="1.0" encoding="UTF-8"?>
<!-- Generated by org.testng.reporters.JUnitReportReporter -->
<testsuite hostname="INDLAPTOP403" name="com.arcfacalities.Forms.TC003_GET_AvailableTemplateAPI" tests="1" failures="0" timestamp="6 Feb 2020 12:23:23 GMT" time="4.568" errors="0">
  <testcase name="AvailableTemplateAPI" time="4.568" classname="com.arcfacalities.Forms.TC003_GET_AvailableTemplateAPI"/>
</testsuite> <!-- com.arcfacalities.Forms.TC003_GET_AvailableTemplateAPI -->
