<?xml version="1.0" encoding="UTF-8"?>
<!-- Generated by org.testng.reporters.JUnitReportReporter -->
<testsuite hostname="INDLAPTOP403" name="com.arcfacalities.Forms.TC022_POST_Formcreate_complete" tests="1" failures="0" timestamp="11 Dec 2019 11:35:02 GMT" time="4.525" errors="0">
  <testcase name="Form_create_complete" time="4.525" classname="com.arcfacalities.Forms.TC022_POST_Formcreate_complete"/>
</testsuite> <!-- com.arcfacalities.Forms.TC022_POST_Formcreate_complete -->
