<?xml version="1.0" encoding="UTF-8"?>
<!-- Generated by org.testng.reporters.JUnitReportReporter -->
<testsuite hostname="INDLAPTOP403" name="com.arcfacalities.compliance.TC024_GET_Search_compliance" tests="1" failures="0" timestamp="6 Feb 2020 12:23:24 GMT" time="4.525" errors="0">
  <testcase name="Search_compliance" time="4.525" classname="com.arcfacalities.compliance.TC024_GET_Search_compliance"/>
</testsuite> <!-- com.arcfacalities.compliance.TC024_GET_Search_compliance -->
