<?xml version="1.0" encoding="UTF-8"?>
<!-- Generated by org.testng.reporters.JUnitReportReporter -->
<testsuite hostname="INDLAPTOP403" name="com.arcfacilities.Filefolder.TC001_FileFolder_POST_ProjectSync" tests="1" failures="0" timestamp="11 Dec 2019 06:17:42 GMT" time="7.295" errors="0">
  <testcase name="OnclickOnfile" time="7.295" classname="com.arcfacilities.Filefolder.TC001_FileFolder_POST_ProjectSync"/>
</testsuite> <!-- com.arcfacilities.Filefolder.TC001_FileFolder_POST_ProjectSync -->
