<?xml version="1.0" encoding="UTF-8"?>
<!-- Generated by org.testng.reporters.JUnitReportReporter -->
<testsuite hostname="INDLAPTOP403" name="com.arcfacalities.Forms.TC030_PATCH_forms_approve_reject_resubmit_parameter" tests="1" failures="0" timestamp="11 Dec 2019 11:35:02 GMT" time="1.227" errors="0">
  <testcase name="forms_approve_reject_resubmit_parameter" time="1.227" classname="com.arcfacalities.Forms.TC030_PATCH_forms_approve_reject_resubmit_parameter"/>
</testsuite> <!-- com.arcfacalities.Forms.TC030_PATCH_forms_approve_reject_resubmit_parameter -->
