<?xml version="1.0" encoding="UTF-8"?>
<!-- Generated by org.testng.reporters.JUnitReportReporter -->
<testsuite hostname="INDLAPTOP403" name="com.arcfacilities.tests.TC004_POST_UserSystemMap_api" tests="2" failures="0" timestamp="21 Nov 2019 07:49:15 GMT" time="10.918" errors="0">
  <testcase name="verify_UserSystemMap_call" time="10.882" classname="com.arcfacilities.tests.TC004_POST_UserSystemMap_api"/>
  <testcase name="Verify_UserSystemStatus" time="0.036" classname="com.arcfacilities.tests.TC004_POST_UserSystemMap_api"/>
</testsuite> <!-- com.arcfacilities.tests.TC004_POST_UserSystemMap_api -->
