<?xml version="1.0" encoding="UTF-8"?>
<!-- Generated by org.testng.reporters.JUnitReportReporter -->
<testsuite hostname="INDLAPTOP403" name="com.arcfacalities.common.TC038_Delete_Deleteforms" tests="1" failures="0" timestamp="6 Dec 2019 06:45:41 GMT" time="4.960" errors="0">
  <testcase name="Delete_forms_call" time="4.960" classname="com.arcfacalities.common.TC038_Delete_Deleteforms"/>
</testsuite> <!-- com.arcfacalities.common.TC038_Delete_Deleteforms -->
