<?xml version="1.0" encoding="UTF-8"?>
<!-- Generated by org.testng.reporters.JUnitReportReporter -->
<testsuite hostname="INDLAPTOP403" name="com.arcfacalities.Equipment.TC014_Equipment_Get_See_all_Tags" tests="1" failures="0" timestamp="6 Feb 2020 12:23:23 GMT" time="4.649" errors="0">
  <testcase name="See_all_Tags" time="4.649" classname="com.arcfacalities.Equipment.TC014_Equipment_Get_See_all_Tags"/>
</testsuite> <!-- com.arcfacalities.Equipment.TC014_Equipment_Get_See_all_Tags -->
