<?xml version="1.0" encoding="UTF-8"?>
<!-- Generated by org.testng.reporters.JUnitReportReporter -->
<testsuite hostname="INDLAPTOP403" name="com.arcfacalities.Equipment.TC008_Equipment_Get_Maintenance_Inspectionforms" tests="1" failures="0" timestamp="6 Feb 2020 12:23:24 GMT" time="4.580" errors="0">
  <testcase name="Maintenance_Inspection_forms" time="4.580" classname="com.arcfacalities.Equipment.TC008_Equipment_Get_Maintenance_Inspectionforms"/>
</testsuite> <!-- com.arcfacalities.Equipment.TC008_Equipment_Get_Maintenance_Inspectionforms -->
