<?xml version="1.0" encoding="UTF-8"?>
<!-- Generated by org.testng.reporters.JUnitReportReporter -->
<testsuite hostname="INDLAPTOP403" name="com.arcfacalities.compliance.TC010_GET_DeleteSupporting_Document" tests="1" failures="0" timestamp="6 Feb 2020 12:23:24 GMT" time="4.553" errors="0">
  <testcase name="DeleteSupporting_Document" time="4.553" classname="com.arcfacalities.compliance.TC010_GET_DeleteSupporting_Document"/>
</testsuite> <!-- com.arcfacalities.compliance.TC010_GET_DeleteSupporting_Document -->
