<?xml version="1.0" encoding="UTF-8"?>
<!-- Generated by org.testng.reporters.JUnitReportReporter -->
<testsuite hostname="INDLAPTOP403" name="com.arcfacilities.tests.TC004_POST_UserSystemMap" tests="2" failures="0" timestamp="21 Nov 2019 05:41:38 GMT" time="12.333" errors="0">
  <testcase name="verify_UserSystemMap" time="12.012" classname="com.arcfacilities.tests.TC004_POST_UserSystemMap"/>
  <testcase name="Verify_UserSystemStatus" time="0.321" classname="com.arcfacilities.tests.TC004_POST_UserSystemMap"/>
</testsuite> <!-- com.arcfacilities.tests.TC004_POST_UserSystemMap -->
