<?xml version="1.0" encoding="UTF-8"?>
<!-- Generated by org.testng.reporters.JUnitReportReporter -->
<testsuite hostname="INDLAPTOP403" name="com.arcfacilities.tests.TC004_UserSystemMap" tests="2" failures="0" timestamp="20 Nov 2019 10:33:19 GMT" time="13.402" errors="0">
  <testcase name="Verify_UserSystemStatus" time="0.080" classname="com.arcfacilities.tests.TC004_UserSystemMap"/>
  <testcase name="verify_UserSystemMap" time="13.322" classname="com.arcfacilities.tests.TC004_UserSystemMap"/>
</testsuite> <!-- com.arcfacilities.tests.TC004_UserSystemMap -->
