<?xml version="1.0" encoding="UTF-8"?>
<!-- Generated by org.testng.reporters.JUnitReportReporter -->
<testsuite hostname="INDLAPTOP403" name="com.arcfacalities.common.TC036_POST_Formcreate_complete" tests="1" failures="0" timestamp="6 Dec 2019 06:45:41 GMT" time="4.884" errors="0">
  <testcase name="Form_create_complete_call" time="4.884" classname="com.arcfacalities.common.TC036_POST_Formcreate_complete"/>
</testsuite> <!-- com.arcfacalities.common.TC036_POST_Formcreate_complete -->
