<?xml version="1.0" encoding="UTF-8"?>
<!-- Generated by org.testng.reporters.JUnitReportReporter -->
<testsuite hostname="INDLAPTOP403" name="com.arcfacilities.registration.TC001_Registration_api" tests="2" failures="0" timestamp="6 Feb 2020 12:23:24 GMT" time="4.726" errors="0">
  <testcase name="RegistrationCall" time="4.684" classname="com.arcfacilities.registration.TC001_Registration_api"/>
  <testcase name="RegistrationStatus" time="0.042" classname="com.arcfacilities.registration.TC001_Registration_api"/>
</testsuite> <!-- com.arcfacilities.registration.TC001_Registration_api -->
