<?xml version="1.0" encoding="UTF-8"?>
<!-- Generated by org.testng.reporters.JUnitReportReporter -->
<testsuite hostname="INDLAPTOP403" name="com.arcfacalities.Forms.TC027_Get_submitter_in_forms_adv_search" tests="1" failures="0" timestamp="11 Dec 2019 11:35:02 GMT" time="4.957" errors="0">
  <testcase name="submitter_in_forms_adv_search" time="4.957" classname="com.arcfacalities.Forms.TC027_Get_submitter_in_forms_adv_search"/>
</testsuite> <!-- com.arcfacalities.Forms.TC027_Get_submitter_in_forms_adv_search -->
