<?xml version="1.0" encoding="UTF-8"?>
<!-- Generated by org.testng.reporters.JUnitReportReporter -->
<testsuite hostname="INDLAPTOP403" name="com.arcfacalities.common.TC016_GET_AvailableTemplateAPI" tests="1" failures="0" timestamp="6 Dec 2019 06:45:41 GMT" time="4.544" errors="0">
  <testcase name="AvailableTemplate" time="4.544" classname="com.arcfacalities.common.TC016_GET_AvailableTemplateAPI"/>
</testsuite> <!-- com.arcfacalities.common.TC016_GET_AvailableTemplateAPI -->
