<?xml version="1.0" encoding="UTF-8"?>
<!-- Generated by org.testng.reporters.JUnitReportReporter -->
<testsuite hostname="INDLAPTOP403" name="com.arcfacalities.compliance.TC013_GET_GetLinked_Inspection" tests="1" failures="0" timestamp="6 Feb 2020 12:23:24 GMT" time="4.841" errors="0">
  <testcase name="Get_Linked_Inspection_Documents" time="4.841" classname="com.arcfacalities.compliance.TC013_GET_GetLinked_Inspection"/>
</testsuite> <!-- com.arcfacalities.compliance.TC013_GET_GetLinked_Inspection -->
