<?xml version="1.0" encoding="UTF-8"?>
<!-- Generated by org.testng.reporters.JUnitReportReporter -->
<testsuite hostname="INDLAPTOP403" name="com.arcfacalities.Equipment.TC003_Equipment_Get_Dashboard_AddequipmentAPI" tests="1" failures="0" timestamp="6 Feb 2020 12:23:24 GMT" time="4.577" errors="0">
  <testcase name="Dashboard_AddequipmentAPI" time="4.577" classname="com.arcfacalities.Equipment.TC003_Equipment_Get_Dashboard_AddequipmentAPI"/>
</testsuite> <!-- com.arcfacalities.Equipment.TC003_Equipment_Get_Dashboard_AddequipmentAPI -->
