<?xml version="1.0" encoding="UTF-8"?>
<!-- Generated by org.testng.reporters.JUnitReportReporter -->
<testsuite hostname="INDLAPTOP403" name="com.arcfacilities.campuslist.TC004_POST_ProjectSyncpermission_api" tests="1" failures="0" timestamp="6 Feb 2020 12:23:24 GMT" time="7.697" errors="0">
  <testcase name="Project_SyncPermission" time="7.697" classname="com.arcfacilities.campuslist.TC004_POST_ProjectSyncpermission_api"/>
</testsuite> <!-- com.arcfacilities.campuslist.TC004_POST_ProjectSyncpermission_api -->
