<?xml version="1.0" encoding="UTF-8"?>
<!-- Generated by org.testng.reporters.JUnitReportReporter -->
<testsuite hostname="INDLAPTOP403" name="demo.JiraWSTest" tests="3" failures="0" timestamp="6 Feb 2020 12:23:24 GMT" time="3.426" errors="0">
  <testcase name="TC_01_CreateIssueTest" time="1.212" classname="demo.JiraWSTest"/>
  <testcase name="TC_03_JsonObjectDeserialization" time="1.135" classname="demo.JiraWSTest"/>
  <testcase name="TC_02_AssignIssueTest" time="1.079" classname="demo.JiraWSTest"/>
</testsuite> <!-- demo.JiraWSTest -->
