<?xml version="1.0" encoding="UTF-8"?>
<!-- Generated by org.testng.reporters.JUnitReportReporter -->
<testsuite hostname="INDLAPTOP403" name="com.arcfacilities.campuslist.TC008_POST_UserSystemMap_api" tests="1" failures="0" timestamp="8 Jan 2020 10:50:53 GMT" time="12.175" errors="0">
  <testcase name="UserSystemMap" time="12.175" classname="com.arcfacilities.campuslist.TC008_POST_UserSystemMap_api"/>
</testsuite> <!-- com.arcfacilities.campuslist.TC008_POST_UserSystemMap_api -->
