<?xml version="1.0" encoding="UTF-8"?>
<!-- Generated by org.testng.reporters.JUnitReportReporter -->
<testsuite hostname="INDLAPTOP403" name="com.arcfacilities.tests.TC006_POST_ProjectSyncpermission_api" tests="2" failures="0" timestamp="21 Nov 2019 07:49:15 GMT" time="5.081" errors="0">
  <testcase name="verify_Project_SyncPermission_call" time="5.035" classname="com.arcfacilities.tests.TC006_POST_ProjectSyncpermission_api"/>
  <testcase name="verify_Project_SyncPermission_Status" time="0.046" classname="com.arcfacilities.tests.TC006_POST_ProjectSyncpermission_api"/>
</testsuite> <!-- com.arcfacilities.tests.TC006_POST_ProjectSyncpermission_api -->
