<?xml version="1.0" encoding="UTF-8"?>
<!-- Generated by org.testng.reporters.JUnitReportReporter -->
<testsuite hostname="INDLAPTOP403" name="com.arcfacalities.Album.TC002_Album_POST_download_the_image_fromS3" tests="1" failures="0" timestamp="27 Dec 2019 06:54:54 GMT" time="12.503" errors="0">
  <testcase name="Multiple_Call_Album" time="12.503" classname="com.arcfacalities.Album.TC002_Album_POST_download_the_image_fromS3"/>
</testsuite> <!-- com.arcfacalities.Album.TC002_Album_POST_download_the_image_fromS3 -->
