<?xml version="1.0" encoding="UTF-8"?>
<!-- Generated by org.testng.reporters.JUnitReportReporter -->
<testsuite hostname="INDLAPTOP403" name="com.arcfacalities.Forms.TC011_POST_JustUpdatingdeviceinfo_to_server_Not_importanttocall" tests="1" failures="0" timestamp="6 Feb 2020 12:23:23 GMT" time="0.060" errors="0">
  <testcase name="JustUpdatingDeviceinfo" time="0.060" classname="com.arcfacalities.Forms.TC011_POST_JustUpdatingdeviceinfo_to_server_Not_importanttocall"/>
</testsuite> <!-- com.arcfacalities.Forms.TC011_POST_JustUpdatingdeviceinfo_to_server_Not_importanttocall -->
