<?xml version="1.0" encoding="UTF-8"?>
<!-- Generated by org.testng.reporters.JUnitReportReporter -->
<testsuite hostname="INDLAPTOP403" name="com.arcfacilities.campuslist.TC009_GET_DocumentTagIcons_API" tests="1" failures="0" timestamp="6 Feb 2020 12:23:24 GMT" time="4.577" errors="0">
  <testcase name="Document_tag_icon" time="4.577" classname="com.arcfacilities.campuslist.TC009_GET_DocumentTagIcons_API"/>
</testsuite> <!-- com.arcfacilities.campuslist.TC009_GET_DocumentTagIcons_API -->
