<?xml version="1.0" encoding="UTF-8"?>
<!-- Generated by org.testng.reporters.JUnitReportReporter -->
<testsuite hostname="INDLAPTOP403" name="com.arcfacalities.compliance.TC001_GET_ChapterListing_API" tests="1" failures="0" timestamp="6 Feb 2020 12:23:24 GMT" time="4.599" errors="0">
  <testcase name="ChapterListing_API" time="4.599" classname="com.arcfacalities.compliance.TC001_GET_ChapterListing_API"/>
</testsuite> <!-- com.arcfacalities.compliance.TC001_GET_ChapterListing_API -->
