<?xml version="1.0" encoding="UTF-8"?>
<!-- Generated by org.testng.reporters.JUnitReportReporter -->
<testsuite hostname="INDLAPTOP403" name="com.arcfacilities.campuslist.TC002_GET_ProjectArchived_API" tests="1" failures="0" timestamp="6 Feb 2020 12:23:24 GMT" time="5.533" errors="0">
  <testcase name="Projectdetail_test" time="5.533" classname="com.arcfacilities.campuslist.TC002_GET_ProjectArchived_API"/>
</testsuite> <!-- com.arcfacilities.campuslist.TC002_GET_ProjectArchived_API -->
