<?xml version="1.0" encoding="UTF-8"?>
<!-- Generated by org.testng.reporters.JUnitReportReporter -->
<testsuite hostname="INDLAPTOP403" name="com.arcfacalities.common.TC020_GET_Get_Form_meta_dataAPI" tests="1" failures="0" timestamp="6 Dec 2019 06:45:41 GMT" time="4.583" errors="0">
  <testcase name="Form_MetaData" time="4.583" classname="com.arcfacalities.common.TC020_GET_Get_Form_meta_dataAPI"/>
</testsuite> <!-- com.arcfacalities.common.TC020_GET_Get_Form_meta_dataAPI -->
