<?xml version="1.0" encoding="UTF-8"?>
<!-- Generated by org.testng.reporters.JUnitReportReporter -->
<testsuite hostname="INDLAPTOP403" name="com.arcfacalities.common.TC015_GET_PendingApprovalAPI" tests="1" failures="0" timestamp="6 Dec 2019 06:45:41 GMT" time="4.549" errors="0">
  <testcase name="Pending_Approval_call" time="4.549" classname="com.arcfacalities.common.TC015_GET_PendingApprovalAPI"/>
</testsuite> <!-- com.arcfacalities.common.TC015_GET_PendingApprovalAPI -->
