<?xml version="1.0" encoding="UTF-8"?>
<!-- Generated by org.testng.reporters.JUnitReportReporter -->
<testsuite hostname="INDLAPTOP403" name="com.arcfacalities.Forms.TC020_Patch_Save_edit_template" tests="1" failures="0" timestamp="6 Feb 2020 12:23:24 GMT" time="4.702" errors="0">
  <testcase name="Save_Edit_Template" time="4.702" classname="com.arcfacalities.Forms.TC020_Patch_Save_edit_template"/>
</testsuite> <!-- com.arcfacalities.Forms.TC020_Patch_Save_edit_template -->
