<?xml version="1.0" encoding="UTF-8"?>
<!-- Generated by org.testng.reporters.JUnitReportReporter -->
<testsuite hostname="INDLAPTOP403" name="com.arcfacalities.Forms.TC012_PATCH_Edit_FormsAPI" tests="1" failures="0" timestamp="6 Feb 2020 12:23:24 GMT" time="4.607" errors="0">
  <testcase name="EditformsAPI" time="4.607" classname="com.arcfacalities.Forms.TC012_PATCH_Edit_FormsAPI"/>
</testsuite> <!-- com.arcfacalities.Forms.TC012_PATCH_Edit_FormsAPI -->
