<?xml version="1.0" encoding="UTF-8"?>
<!-- Generated by org.testng.reporters.JUnitReportReporter -->
<testsuite hostname="INDLAPTOP403" name="com.arcfacalities.compliance.TC017_Delete_Delete_Linked_InspectionDocument_attachment" tests="1" failures="0" timestamp="6 Feb 2020 12:23:23 GMT" time="4.520" errors="0">
  <testcase name="Delete_Linked_InspectionDocument_attachment" time="4.520" classname="com.arcfacalities.compliance.TC017_Delete_Delete_Linked_InspectionDocument_attachment"/>
</testsuite> <!-- com.arcfacalities.compliance.TC017_Delete_Delete_Linked_InspectionDocument_attachment -->
