<?xml version="1.0" encoding="UTF-8"?>
<!-- Generated by org.testng.reporters.JUnitReportReporter -->
<testsuite hostname="INDLAPTOP403" name="com.arcfacalities.Forms.TC010_GET_Toget_S3presigned_URLtodownloadPDF_fromS3attachediththeForm" tests="1" failures="0" timestamp="11 Dec 2019 11:35:02 GMT" time="4.548" errors="0">
  <testcase name="presignedURtodownloadPDF" time="4.548" classname="com.arcfacalities.Forms.TC010_GET_Toget_S3presigned_URLtodownloadPDF_fromS3attachediththeForm"/>
</testsuite> <!-- com.arcfacalities.Forms.TC010_GET_Toget_S3presigned_URLtodownloadPDF_fromS3attachediththeForm -->
