<?xml version="1.0" encoding="UTF-8"?>
<!-- Generated by org.testng.reporters.JUnitReportReporter -->
<testsuite hostname="INDLAPTOP403" name="com.arcfacilities.tests.TC006_POST_ProjectSyncpermission" tests="2" failures="0" timestamp="21 Nov 2019 05:42:08 GMT" time="6.851" errors="0">
  <testcase name="verify_Project_SyncPermission_call" time="6.742" classname="com.arcfacilities.tests.TC006_POST_ProjectSyncpermission"/>
  <testcase name="Project_SyncPermission_Status" time="0.109" classname="com.arcfacilities.tests.TC006_POST_ProjectSyncpermission"/>
</testsuite> <!-- com.arcfacilities.tests.TC006_POST_ProjectSyncpermission -->
