<?xml version="1.0" encoding="UTF-8"?>
<!-- Generated by org.testng.reporters.JUnitReportReporter -->
<testsuite hostname="INDLAPTOP403" name="com.arcfacalities.Forms.TC028_Get_approver_in_forms_advsearch" tests="1" failures="0" timestamp="11 Dec 2019 11:35:01 GMT" time="4.465" errors="0">
  <testcase name="approver_in_forms_adv_Search" time="4.465" classname="com.arcfacalities.Forms.TC028_Get_approver_in_forms_advsearch"/>
</testsuite> <!-- com.arcfacalities.Forms.TC028_Get_approver_in_forms_advsearch -->
