<?xml version="1.0" encoding="UTF-8"?>
<!-- Generated by org.testng.reporters.JUnitReportReporter -->
<testsuite hostname="INDLAPTOP403" name="com.arcfacalities.compliance.TC005_GET_SupportDocuments_ListAPI" tests="1" failures="0" timestamp="6 Feb 2020 12:23:24 GMT" time="4.680" errors="0">
  <testcase name="SupportDocuments_ListAPI" time="4.680" classname="com.arcfacalities.compliance.TC005_GET_SupportDocuments_ListAPI"/>
</testsuite> <!-- com.arcfacalities.compliance.TC005_GET_SupportDocuments_ListAPI -->
