<?xml version="1.0" encoding="UTF-8"?>
<!-- Generated by org.testng.reporters.JUnitReportReporter -->
<testsuite hostname="INDLAPTOP403" name="com.arcfacalities.compliance.TC003_GET_ComplianceList_Api" tests="1" failures="0" timestamp="6 Feb 2020 12:23:24 GMT" time="4.644" errors="0">
  <testcase name="ComplianceList_Api" time="4.644" classname="com.arcfacalities.compliance.TC003_GET_ComplianceList_Api"/>
</testsuite> <!-- com.arcfacalities.compliance.TC003_GET_ComplianceList_Api -->
