<?xml version="1.0" encoding="UTF-8"?>
<!-- Generated by org.testng.reporters.JUnitReportReporter -->
<testsuite hostname="INDLAPTOP403" name="com.arcfacalities.Equipment.TC009_Equipment_Get_LinkedFiles" tests="1" failures="0" timestamp="6 Feb 2020 12:23:23 GMT" time="9.730" errors="0">
  <testcase name="LinkedFiles" time="9.730" classname="com.arcfacalities.Equipment.TC009_Equipment_Get_LinkedFiles"/>
</testsuite> <!-- com.arcfacalities.Equipment.TC009_Equipment_Get_LinkedFiles -->
