<?xml version="1.0" encoding="UTF-8"?>
<!-- Generated by org.testng.reporters.JUnitReportReporter -->
<testsuite hostname="INDLAPTOP403" name="com.arcfacalities.common.TC040_Get_Reportsearch" tests="1" failures="0" timestamp="6 Dec 2019 06:45:41 GMT" time="4.570" errors="0">
  <testcase name="Report_search" time="4.570" classname="com.arcfacalities.common.TC040_Get_Reportsearch"/>
</testsuite> <!-- com.arcfacalities.common.TC040_Get_Reportsearch -->
