<?xml version="1.0" encoding="UTF-8"?>
<!-- Generated by org.testng.reporters.JUnitReportReporter -->
<testsuite hostname="INDLAPTOP403" name="com.arcfacalities.common.TC043_Get_forms_adv_search" tests="1" failures="0" timestamp="6 Dec 2019 06:45:41 GMT" time="4.647" errors="0">
  <testcase name="Forms_Adv_Search_call" time="4.647" classname="com.arcfacalities.common.TC043_Get_forms_adv_search"/>
</testsuite> <!-- com.arcfacalities.common.TC043_Get_forms_adv_search -->
