<?xml version="1.0" encoding="UTF-8"?>
<!-- Generated by org.testng.reporters.JUnitReportReporter -->
<testsuite hostname="INDLAPTOP403" name="com.arcfacilities.Filefolder.TC001_FileFolder_POST_ProjectSync" tests="1" failures="0" timestamp="6 Feb 2020 12:23:23 GMT" time="4.558" errors="0">
  <testcase name="ProjectSync" time="4.558" classname="com.arcfacilities.Filefolder.TC001_FileFolder_POST_ProjectSync"/>
</testsuite> <!-- com.arcfacilities.Filefolder.TC001_FileFolder_POST_ProjectSync -->
