<?xml version="1.0" encoding="UTF-8"?>
<!-- Generated by org.testng.reporters.JUnitReportReporter -->
<testsuite hostname="INDLAPTOP403" name="com.arcfacilities.tests.TC007_GET_PackageItem_api" tests="2" failures="0" timestamp="21 Nov 2019 07:49:15 GMT" time="5.251" errors="0">
  <testcase name="verify_PackageItem_call" time="5.184" classname="com.arcfacilities.tests.TC007_GET_PackageItem_api"/>
  <testcase name="verify_PackageItem_Status" time="0.067" classname="com.arcfacilities.tests.TC007_GET_PackageItem_api"/>
</testsuite> <!-- com.arcfacilities.tests.TC007_GET_PackageItem_api -->
