<?xml version="1.0" encoding="UTF-8"?>
<!-- Generated by org.testng.reporters.JUnitReportReporter -->
<testsuite hostname="INDLAPTOP403" name="com.arcfacalities.Forms.TC019_Get_Form_createbutton" tests="1" failures="0" timestamp="11 Dec 2019 11:35:01 GMT" time="4.477" errors="0">
  <testcase name="Form_Create_Button" time="4.477" classname="com.arcfacalities.Forms.TC019_Get_Form_createbutton"/>
</testsuite> <!-- com.arcfacalities.Forms.TC019_Get_Form_createbutton -->
