<?xml version="1.0" encoding="UTF-8"?>
<!-- Generated by org.testng.reporters.JUnitReportReporter -->
<testsuite hostname="INDLAPTOP403" name="com.arcfacalities.compliance.TC004_GET_SubCodeDetail_API" tests="1" failures="0" timestamp="6 Feb 2020 12:23:23 GMT" time="4.652" errors="0">
  <testcase name="SubCodeDetail_API" time="4.652" classname="com.arcfacalities.compliance.TC004_GET_SubCodeDetail_API"/>
</testsuite> <!-- com.arcfacalities.compliance.TC004_GET_SubCodeDetail_API -->
