<?xml version="1.0" encoding="UTF-8"?>
<!-- Generated by org.testng.reporters.JUnitReportReporter -->
<testsuite hostname="INDLAPTOP403" name="com.arcfacalities.Forms.TC002_GET_PendingApprovalAPI" tests="1" failures="0" timestamp="11 Dec 2019 11:35:02 GMT" time="4.561" errors="0">
  <testcase name="Pending_ApprovalAPI" time="4.561" classname="com.arcfacalities.Forms.TC002_GET_PendingApprovalAPI"/>
</testsuite> <!-- com.arcfacalities.Forms.TC002_GET_PendingApprovalAPI -->
