<?xml version="1.0" encoding="UTF-8"?>
<!-- Generated by org.testng.reporters.JUnitReportReporter -->
<testsuite hostname="INDLAPTOP403" name="com.arcfacalities.Forms.TC029_Get_forms_adv_search" tests="1" failures="0" timestamp="6 Feb 2020 12:23:23 GMT" time="5.234" errors="0">
  <testcase name="Forms_Adv_Search" time="5.234" classname="com.arcfacalities.Forms.TC029_Get_forms_adv_search"/>
</testsuite> <!-- com.arcfacalities.Forms.TC029_Get_forms_adv_search -->
