<?xml version="1.0" encoding="UTF-8"?>
<!-- Generated by org.testng.reporters.JUnitReportReporter -->
<testsuite hostname="INDLAPTOP403" name="com.arcfacilities.campuslist.TC011_GET_ProjectItem_API" tests="1" failures="0" timestamp="26 Nov 2019 13:49:04 GMT" time="5.018" errors="0">
  <testcase name="verify_Projectitem" time="5.018" classname="com.arcfacilities.campuslist.TC011_GET_ProjectItem_API"/>
</testsuite> <!-- com.arcfacilities.campuslist.TC011_GET_ProjectItem_API -->
