<?xml version="1.0" encoding="UTF-8"?>
<!-- Generated by org.testng.reporters.JUnitReportReporter -->
<testsuite hostname="INDLAPTOP403" name="com.arcfacilities.tests.TC005_GET_CustomProperty" tests="2" failures="0" timestamp="21 Nov 2019 05:41:53 GMT" time="6.809" errors="0">
  <testcase name="verify_CustomProperty_call" time="6.341" classname="com.arcfacilities.tests.TC005_GET_CustomProperty"/>
  <testcase name="CustomProperty_status" time="0.468" classname="com.arcfacilities.tests.TC005_GET_CustomProperty"/>
</testsuite> <!-- com.arcfacilities.tests.TC005_GET_CustomProperty -->
