<?xml version="1.0" encoding="UTF-8"?>
<!-- Generated by org.testng.reporters.JUnitReportReporter -->
<testsuite hostname="INDLAPTOP403" name="com.arcfacilities.tests.TC008_GET_ProjectResponce_call" tests="2" failures="0" timestamp="21 Nov 2019 05:43:01 GMT" time="6.436" errors="0">
  <testcase name="projectresponce_Status" time="0.488" classname="com.arcfacilities.tests.TC008_GET_ProjectResponce_call"/>
  <testcase name="verify_ProjectResponce" time="5.948" classname="com.arcfacilities.tests.TC008_GET_ProjectResponce_call"/>
</testsuite> <!-- com.arcfacilities.tests.TC008_GET_ProjectResponce_call -->
