<?xml version="1.0" encoding="UTF-8"?>
<!-- Generated by org.testng.reporters.JUnitReportReporter -->
<testsuite hostname="INDLAPTOP403" name="com.arcfacalities.Forms.TC024_Delete_Deleteforms" tests="1" failures="0" timestamp="11 Dec 2019 11:35:01 GMT" time="4.533" errors="0">
  <testcase name="Delete_forms" time="4.533" classname="com.arcfacalities.Forms.TC024_Delete_Deleteforms"/>
</testsuite> <!-- com.arcfacalities.Forms.TC024_Delete_Deleteforms -->
