<?xml version="1.0" encoding="UTF-8"?>
<!-- Generated by org.testng.reporters.JUnitReportReporter -->
<testsuite hostname="INDLAPTOP403" name="com.arcfacalities.Forms.TC008_GET_Download_forms_PDF_file_from_S3" tests="1" failures="0" timestamp="11 Dec 2019 11:35:02 GMT" time="4.525" errors="0">
  <testcase name="DownloadForm_PDF" time="4.525" classname="com.arcfacalities.Forms.TC008_GET_Download_forms_PDF_file_from_S3"/>
</testsuite> <!-- com.arcfacalities.Forms.TC008_GET_Download_forms_PDF_file_from_S3 -->
