<?xml version="1.0" encoding="UTF-8"?>
<!-- Generated by org.testng.reporters.JUnitReportReporter -->
<testsuite hostname="INDLAPTOP403" name="com.arcfacalities.compliance.TC007_Post_AddNew_Equipment" tests="1" failures="0" timestamp="6 Feb 2020 12:23:24 GMT" time="4.626" errors="0">
  <testcase name="AddNew_Equipment" time="4.626" classname="com.arcfacalities.compliance.TC007_Post_AddNew_Equipment"/>
</testsuite> <!-- com.arcfacalities.compliance.TC007_Post_AddNew_Equipment -->
