<?xml version="1.0" encoding="UTF-8"?>
<!-- Generated by org.testng.reporters.JUnitReportReporter -->
<testsuite hostname="INDLAPTOP403" name="com.arcfacalities.Album.TC001_Album_POST_Multiple_Call_Album" tests="1" failures="0" timestamp="6 Feb 2020 12:23:23 GMT" time="10.611" errors="0">
  <testcase name="Multiple_Call_Album" time="10.611" classname="com.arcfacalities.Album.TC001_Album_POST_Multiple_Call_Album"/>
</testsuite> <!-- com.arcfacalities.Album.TC001_Album_POST_Multiple_Call_Album -->
