<?xml version="1.0" encoding="UTF-8"?>
<!-- Generated by org.testng.reporters.JUnitReportReporter -->
<testsuite hostname="INDLAPTOP403" name="com.arcfacalities.compliance.TC019_GET_GetShared_inspection_dataAPI" tests="1" failures="0" timestamp="6 Feb 2020 12:23:24 GMT" time="4.635" errors="0">
  <testcase name="GetShared_inspection_dataAPI" time="4.635" classname="com.arcfacalities.compliance.TC019_GET_GetShared_inspection_dataAPI"/>
</testsuite> <!-- com.arcfacalities.compliance.TC019_GET_GetShared_inspection_dataAPI -->
