<?xml version="1.0" encoding="UTF-8"?>
<!-- Generated by org.testng.reporters.JUnitReportReporter -->
<testsuite hostname="INDLAPTOP403" name="com.arcfacalities.common.TC042_Get_forms_adv_search" tests="1" failures="0" timestamp="5 Dec 2019 13:10:36 GMT" time="6.618" errors="0">
  <testcase name="Forms_Adv_Search_call" time="6.618" classname="com.arcfacalities.common.TC042_Get_forms_adv_search"/>
</testsuite> <!-- com.arcfacalities.common.TC042_Get_forms_adv_search -->
