<?xml version="1.0" encoding="UTF-8"?>
<!-- Generated by org.testng.reporters.JUnitReportReporter -->
<testsuite hostname="INDLAPTOP403" name="com.arcfacilities.tests.TC005_GET_CustomProperty_api" tests="2" failures="0" timestamp="21 Nov 2019 07:49:15 GMT" time="6.810" errors="0">
  <testcase name="verify_CustomProperty_call" time="6.380" classname="com.arcfacilities.tests.TC005_GET_CustomProperty_api"/>
  <testcase name="verify_CustomProperty_status" time="0.430" classname="com.arcfacilities.tests.TC005_GET_CustomProperty_api"/>
</testsuite> <!-- com.arcfacilities.tests.TC005_GET_CustomProperty_api -->
