<?xml version="1.0" encoding="UTF-8"?>
<!-- Generated by org.testng.reporters.JUnitReportReporter -->
<testsuite hostname="INDLAPTOP403" name="com.arcfacalities.Equipment.TC004_Equipment_Get_TagAPI" tests="1" failures="0" timestamp="6 Feb 2020 12:23:23 GMT" time="4.589" errors="0">
  <testcase name="TagAPI" time="4.589" classname="com.arcfacalities.Equipment.TC004_Equipment_Get_TagAPI"/>
</testsuite> <!-- com.arcfacalities.Equipment.TC004_Equipment_Get_TagAPI -->
