<?xml version="1.0" encoding="UTF-8"?>
<!-- Generated by org.testng.reporters.JUnitReportReporter -->
<testsuite hostname="INDLAPTOP403" name="com.arcfacalities.Forms.TC004_GET_ListofTemplate" tests="1" failures="0" timestamp="11 Dec 2019 11:35:01 GMT" time="4.573" errors="0">
  <testcase name="List_Of_Template" time="4.573" classname="com.arcfacalities.Forms.TC004_GET_ListofTemplate"/>
</testsuite> <!-- com.arcfacalities.Forms.TC004_GET_ListofTemplate -->
