<?xml version="1.0" encoding="UTF-8"?>
<!-- Generated by org.testng.reporters.JUnitReportReporter -->
<testsuite hostname="INDLAPTOP403" name="com.arcfacalities.Equipment.TC002_Equipment_Get_Dashboard_RecentviewsAPI" tests="1" failures="0" timestamp="6 Feb 2020 12:23:23 GMT" time="4.542" errors="0">
  <testcase name="DashBoardRecentView" time="4.542" classname="com.arcfacalities.Equipment.TC002_Equipment_Get_Dashboard_RecentviewsAPI"/>
</testsuite> <!-- com.arcfacalities.Equipment.TC002_Equipment_Get_Dashboard_RecentviewsAPI -->
