<?xml version="1.0" encoding="UTF-8"?>
<!-- Generated by org.testng.reporters.JUnitReportReporter -->
<testsuite hostname="INDLAPTOP403" name="com.arcfacalities.Forms.TC015_PDF_Folder_CreateTemplate" tests="1" failures="0" timestamp="6 Feb 2020 12:23:24 GMT" time="4.626" errors="0">
  <testcase name="PDF_Folder_CreateFolder" time="4.626" classname="com.arcfacalities.Forms.TC015_PDF_Folder_CreateTemplate"/>
</testsuite> <!-- com.arcfacalities.Forms.TC015_PDF_Folder_CreateTemplate -->
