<?xml version="1.0" encoding="UTF-8"?>
<!-- Generated by org.testng.reporters.JUnitReportReporter -->
<testsuite hostname="INDLAPTOP403" name="com.arcfacalities.common.TC042_Get_approver_in_forms_advsearch" tests="1" failures="0" timestamp="6 Dec 2019 06:45:41 GMT" time="4.582" errors="0">
  <testcase name="approver_in_forms_adv_Search_call" time="4.582" classname="com.arcfacalities.common.TC042_Get_approver_in_forms_advsearch"/>
</testsuite> <!-- com.arcfacalities.common.TC042_Get_approver_in_forms_advsearch -->
