<?xml version="1.0" encoding="UTF-8"?>
<!-- Generated by org.testng.reporters.JUnitReportReporter -->
<testsuite hostname="INDLAPTOP403" name="com.arcfacalities.common.TC039_Get_Templete_search" tests="1" failures="0" timestamp="6 Dec 2019 06:45:41 GMT" time="4.654" errors="0">
  <testcase name="Templete_search_call" time="4.654" classname="com.arcfacalities.common.TC039_Get_Templete_search"/>
</testsuite> <!-- com.arcfacalities.common.TC039_Get_Templete_search -->
