<?xml version="1.0" encoding="UTF-8"?>
<!-- Generated by org.testng.reporters.JUnitReportReporter -->
<testsuite hostname="INDLAPTOP403" name="com.arcfacalities.Equipment.TC013_Equipment_post_Search_Equipmentby_Name" tests="1" failures="0" timestamp="6 Feb 2020 12:23:24 GMT" time="5.621" errors="0">
  <testcase name="Search_Equipment_by_name" time="5.621" classname="com.arcfacalities.Equipment.TC013_Equipment_post_Search_Equipmentby_Name"/>
</testsuite> <!-- com.arcfacalities.Equipment.TC013_Equipment_post_Search_Equipmentby_Name -->
