<?xml version="1.0" encoding="UTF-8"?>
<!-- Generated by org.testng.reporters.JUnitReportReporter -->
<testsuite hostname="INDLAPTOP403" name="com.arcfacalities.Forms.TC025_Get_Templete_search" tests="1" failures="0" timestamp="11 Dec 2019 11:35:02 GMT" time="8.522" errors="0">
  <testcase name="Templete_search" time="8.522" classname="com.arcfacalities.Forms.TC025_Get_Templete_search"/>
</testsuite> <!-- com.arcfacalities.Forms.TC025_Get_Templete_search -->
