<?xml version="1.0" encoding="UTF-8"?>
<!-- Generated by org.testng.reporters.JUnitReportReporter -->
<testsuite hostname="INDLAPTOP403" name="com.arcfacalities.Forms.TC006_GET_List_of_froms_in_pending_Approved_RejectedAPI" tests="1" failures="0" timestamp="12 Dec 2019 11:20:28 GMT" time="0.797" errors="0">
  <testcase name="PendingApproval_Reject" time="0.797" classname="com.arcfacalities.Forms.TC006_GET_List_of_froms_in_pending_Approved_RejectedAPI"/>
</testsuite> <!-- com.arcfacalities.Forms.TC006_GET_List_of_froms_in_pending_Approved_RejectedAPI -->
