<?xml version="1.0" encoding="UTF-8"?>
<!-- Generated by org.testng.reporters.JUnitReportReporter -->
<testsuite hostname="INDLAPTOP403" name="com.arcfacalities.common.TC024_POST_JustUpdatingdeviceinfo_to_server_Not_importanttocall" tests="1" failures="0" timestamp="6 Dec 2019 06:45:41 GMT" time="0.047" errors="0">
  <testcase name="S3PreassignedURL_call" time="0.047" classname="com.arcfacalities.common.TC024_POST_JustUpdatingdeviceinfo_to_server_Not_importanttocall"/>
</testsuite> <!-- com.arcfacalities.common.TC024_POST_JustUpdatingdeviceinfo_to_server_Not_importanttocall -->
