<?xml version="1.0" encoding="UTF-8"?>
<!-- Generated by org.testng.reporters.JUnitReportReporter -->
<testsuite hostname="INDLAPTOP403" name="com.arcfacilities.campuslist.TC008_POST_UserSystemMap_api" tests="1" failures="0" timestamp="6 Feb 2020 12:23:24 GMT" time="10.660" errors="0">
  <testcase name="UserSystemMap" time="10.660" classname="com.arcfacilities.campuslist.TC008_POST_UserSystemMap_api"/>
</testsuite> <!-- com.arcfacilities.campuslist.TC008_POST_UserSystemMap_api -->
