<?xml version="1.0" encoding="UTF-8"?>
<!-- Generated by org.testng.reporters.JUnitReportReporter -->
<testsuite hostname="INDLAPTOP403" name="com.arcfacalities.Forms.TC020_Patch_Save_edit_template" tests="1" failures="0" timestamp="11 Dec 2019 11:35:01 GMT" time="4.509" errors="0">
  <testcase name="Save_Edit_Template" time="4.509" classname="com.arcfacalities.Forms.TC020_Patch_Save_edit_template"/>
</testsuite> <!-- com.arcfacalities.Forms.TC020_Patch_Save_edit_template -->
