<?xml version="1.0" encoding="UTF-8"?>
<!-- Generated by org.testng.reporters.JUnitReportReporter -->
<testsuite hostname="INDLAPTOP403" name="com.arcfacalities.common.TC021_GET_Download_forms_PDF_file_from_S3" tests="1" failures="0" timestamp="6 Dec 2019 06:45:41 GMT" time="6.366" errors="0">
  <testcase name="DownloadForm_call" time="6.366" classname="com.arcfacalities.common.TC021_GET_Download_forms_PDF_file_from_S3"/>
</testsuite> <!-- com.arcfacalities.common.TC021_GET_Download_forms_PDF_file_from_S3 -->
