<?xml version="1.0" encoding="UTF-8"?>
<!-- Generated by org.testng.reporters.JUnitReportReporter -->
<testsuite hostname="INDLAPTOP403" name="com.arcfacalities.compliance.TC002_GET_ChapterCodes_List_Api" tests="1" failures="0" timestamp="6 Feb 2020 12:23:24 GMT" time="4.651" errors="0">
  <testcase name="ChapterCodes_List_Api" time="4.651" classname="com.arcfacalities.compliance.TC002_GET_ChapterCodes_List_Api"/>
</testsuite> <!-- com.arcfacalities.compliance.TC002_GET_ChapterCodes_List_Api -->
