<?xml version="1.0" encoding="UTF-8"?>
<!-- Generated by org.testng.reporters.JUnitReportReporter -->
<testsuite hostname="INDLAPTOP403" name="com.arcfacilities.Filefolder.TC046_DocumentAnnotationZipProjectID" tests="1" failures="0" timestamp="11 Dec 2019 06:21:38 GMT" time="9.480" errors="0">
  <testcase name="DocumentZipProjectID_API" time="9.480" classname="com.arcfacilities.Filefolder.TC046_DocumentAnnotationZipProjectID"/>
</testsuite> <!-- com.arcfacilities.Filefolder.TC046_DocumentAnnotationZipProjectID -->
