<?xml version="1.0" encoding="UTF-8"?>
<!-- Generated by org.testng.reporters.JUnitReportReporter -->
<testsuite hostname="INDLAPTOP403" name="com.arcfacilities.tests.TC010_GET_DocumentTagIcons_API" tests="1" failures="0" timestamp="21 Nov 2019 07:49:15 GMT" time="4.865" errors="0">
  <testcase name="verify_document_tag_icon_api_call_test" time="4.865" classname="com.arcfacilities.tests.TC010_GET_DocumentTagIcons_API"/>
</testsuite> <!-- com.arcfacilities.tests.TC010_GET_DocumentTagIcons_API -->
