<?xml version="1.0" encoding="UTF-8"?>
<!-- Generated by org.testng.reporters.JUnitReportReporter -->
<testsuite hostname="INDLAPTOP403" name="com.arcfacalities.Forms.TC007_GET_Get_Form_meta_dataAPI" tests="1" failures="0" timestamp="11 Dec 2019 11:35:02 GMT" time="4.523" errors="0">
  <testcase name="Form_MetaData" time="4.523" classname="com.arcfacalities.Forms.TC007_GET_Get_Form_meta_dataAPI"/>
</testsuite> <!-- com.arcfacalities.Forms.TC007_GET_Get_Form_meta_dataAPI -->
