<?xml version="1.0" encoding="UTF-8"?>
<!-- Generated by org.testng.reporters.JUnitReportReporter -->
<testsuite hostname="INDLAPTOP403" name="com.arcfacilities.ssologin.TC002_SSO_login" tests="2" failures="0" timestamp="21 Nov 2019 05:40:16 GMT" time="6.399" errors="0">
  <testcase name="verify_SSOCall" time="6.126" classname="com.arcfacilities.ssologin.TC002_SSO_login"/>
  <testcase name="verify_SSOStatus" time="0.273" classname="com.arcfacilities.ssologin.TC002_SSO_login"/>
</testsuite> <!-- com.arcfacilities.ssologin.TC002_SSO_login -->
