<?xml version="1.0" encoding="UTF-8"?>
<!-- Generated by org.testng.reporters.JUnitReportReporter -->
<testsuite hostname="INDLAPTOP403" name="com.arcfacilities.Filefolder.TC006_FileFolder_POST_FileMoveToAnotherFolder" tests="1" failures="0" timestamp="6 Feb 2020 12:23:23 GMT" time="4.603" errors="0">
  <testcase name="FileMoveToAnotherFolder" time="4.603" classname="com.arcfacilities.Filefolder.TC006_FileFolder_POST_FileMoveToAnotherFolder"/>
</testsuite> <!-- com.arcfacilities.Filefolder.TC006_FileFolder_POST_FileMoveToAnotherFolder -->
